  test_64_6_parameter_array.c
c:\users\slee194\documents\visual studio 2015\projects\test_64_6_parmeter_array\test_64_6_parmeter_array\test_64_6_parameter_array.c(25): error C2143: syntax error: missing '{' before ':'
c:\users\slee194\documents\visual studio 2015\projects\test_64_6_parmeter_array\test_64_6_parmeter_array\test_64_6_parameter_array.c(25): error C2059: syntax error: ':'
